28.4.2025, 14:45:53 - INFO - filterBy: | {"maxScore":null,"minCreatedAt":null}
28.4.2025, 14:45:56 - INFO - filterBy: | {"maxScore":null,"minCreatedAt":null}
28.4.2025, 14:46:15 - ERROR - Failed to Login NaN
28.4.2025, 14:49:46 - INFO - Up and running on port 3030
28.4.2025, 14:49:58 - INFO - Up and running on port 3030
28.4.2025, 14:49:59 - INFO - Up and running on port 3030
28.4.2025, 14:50:05 - ERROR - Failed to Login NaN
28.4.2025, 14:50:33 - INFO - Up and running on port 3030
28.4.2025, 14:50:35 - INFO - Up and running on port 3030
28.4.2025, 14:50:39 - INFO - Up and running on port 3030
28.4.2025, 14:50:45 - INFO - 🚀 ~ login ~ username: | muki
28.4.2025, 14:50:45 - ERROR - Failed to Login NaN
28.4.2025, 14:52:03 - INFO - Up and running on port 3030
28.4.2025, 14:52:11 - INFO - Up and running on port 3030
28.4.2025, 14:52:16 - INFO - Up and running on port 3030
28.4.2025, 14:52:26 - INFO - Up and running on port 3030
28.4.2025, 14:52:30 - INFO - Up and running on port 3030
28.4.2025, 14:52:35 - INFO - 🚀 ~ login ~ username: | muki
28.4.2025, 14:52:35 - ERROR - Failed to Login NaN
28.4.2025, 14:53:26 - INFO - Up and running on port 3030
28.4.2025, 14:53:34 - INFO - Up and running on port 3030
28.4.2025, 14:53:48 - INFO - filterBy: | {"maxScore":null,"minCreatedAt":null}
28.4.2025, 14:53:48 - INFO - filterBy: | {"txt":"","maxSeverity":0,"minCreatedAt":0,"sortedBy":"","label":""}
28.4.2025, 14:53:49 - INFO - filterBy: | {"txt":"","maxSeverity":0,"minCreatedAt":0,"sortedBy":"","label":""}
28.4.2025, 14:53:51 - INFO - 🚀 ~ login ~ username: | rafi
28.4.2025, 14:53:51 - ERROR - Failed to Login NaN
28.4.2025, 14:54:28 - INFO - Up and running on port 3030
28.4.2025, 14:55:30 - INFO - Up and running on port 3030
28.4.2025, 14:55:37 - INFO - Up and running on port 3030
28.4.2025, 14:55:55 - INFO - 🚀 ~ login ~ username: | muki
28.4.2025, 14:55:55 - INFO - User login:  | {"_id":"MXvWnc","fullname":"Muki Ja","score":55}
28.4.2025, 17:43:44 - INFO - filterBy: | {"txt":"","maxSeverity":0,"minCreatedAt":0,"sortedBy":"","label":""}
28.4.2025, 17:43:48 - INFO - filterBy: | {"txt":"","maxSeverity":0,"minCreatedAt":0,"sortedBy":"","label":""}
28.4.2025, 17:50:59 - INFO - filterBy: | {"maxScore":null,"minCreatedAt":null}
28.4.2025, 17:51:04 - INFO - 🚀 ~ login ~ username: | muki
28.4.2025, 17:51:04 - INFO - User login:  | {"_id":"MXvWnc","fullname":"Muki Ja","score":55}
28.4.2025, 17:51:08 - INFO - filterBy: | {"txt":"","maxSeverity":0,"minCreatedAt":0,"sortedBy":"","label":""}
28.4.2025, 17:51:08 - INFO - filterBy: | {"txt":"","maxSeverity":0,"minCreatedAt":0,"sortedBy":"","label":""}
28.4.2025, 17:51:13 - INFO - filterBy: | {"maxScore":null,"minCreatedAt":null}
28.4.2025, 17:51:38 - DEBUG - auth.service - signup with username: eli5p, fullname: eli psgsgsgg
28.4.2025, 17:51:39 - INFO - User signup: | {"_id":"3hCISw","fullname":"eli psgsgsgg"}
28.4.2025, 17:51:39 - DEBUG - auth.route - new account created: {"username":"eli5p","password":"$2b$10$.ddjgO6GpGPnEKnlNACZF.gPyp.ESRg3sU0BsQXx0TWsPZbDn60V.","fullname":"eli psgsgsgg","_id":"3hCISw"}
28.4.2025, 17:51:56 - INFO - filterBy: | {"maxScore":null,"minCreatedAt":null}
28.4.2025, 17:52:00 - INFO - User login:  | {"_id":"3hCISw","fullname":"eli psgsgsgg"}
28.4.2025, 17:52:00 - INFO - 🚀 ~ login ~ username: | eli5p
28.4.2025, 17:52:06 - INFO - filterBy: | {"maxScore":null,"minCreatedAt":null}
28.4.2025, 17:52:10 - INFO - 🚀 ~ login ~ username: | eli5p
28.4.2025, 17:52:10 - INFO - User login:  | {"_id":"3hCISw","fullname":"eli psgsgsgg"}
28.4.2025, 17:52:15 - INFO - filterBy: | {"maxScore":null,"minCreatedAt":null}
28.4.2025, 17:53:03 - DEBUG - auth.service - signup with username: guy, fullname: guy gou
28.4.2025, 17:53:03 - DEBUG - auth.route - new account created: {"username":"guy","password":"$2b$10$E5vzIJaNqRHvzEp9Ryeg4e9LaokHNqBDnaamM.PWQ9cLtDMY6SAKe","fullname":"guy gou","_id":"YhzUcC"}
28.4.2025, 17:53:03 - INFO - User signup: | {"_id":"YhzUcC","fullname":"guy gou"}
28.4.2025, 17:53:17 - INFO - filterBy: | {"maxScore":null,"minCreatedAt":null}
28.4.2025, 18:01:31 - INFO - filterBy: | {"txt":"","maxSeverity":0,"minCreatedAt":0,"sortedBy":"","label":""}
28.4.2025, 18:01:32 - INFO - filterBy: | {"txt":"","maxSeverity":0,"minCreatedAt":0,"sortedBy":"","label":""}
28.4.2025, 18:01:41 - INFO - filterBy: | {"maxScore":null,"minCreatedAt":null}
28.4.2025, 18:01:41 - INFO - filterBy: | {"txt":"","maxSeverity":0,"minCreatedAt":0,"sortedBy":"","label":""}
28.4.2025, 18:01:42 - INFO - filterBy: | {"txt":"","maxSeverity":0,"minCreatedAt":0,"sortedBy":"","label":""}
28.4.2025, 18:01:43 - INFO - filterBy: | {"maxScore":null,"minCreatedAt":null}
28.4.2025, 18:01:43 - INFO - filterBy: | {"txt":"","maxSeverity":0,"minCreatedAt":0,"sortedBy":"","label":""}
28.4.2025, 18:01:43 - INFO - filterBy: | {"maxScore":null,"minCreatedAt":null}
28.4.2025, 18:01:47 - INFO - filterBy: | {"txt":"","maxSeverity":0,"minCreatedAt":0,"sortedBy":"","label":""}
28.4.2025, 18:01:55 - INFO - filterBy: | {"txt":"","maxSeverity":0,"minCreatedAt":0,"sortedBy":"","label":""}
28.4.2025, 18:03:07 - INFO - filterBy: | {"txt":"","maxSeverity":0,"minCreatedAt":0,"sortedBy":"","label":""}
28.4.2025, 18:03:20 - INFO - filterBy: | {"txt":"","maxSeverity":0,"minCreatedAt":0,"sortedBy":"","label":""}
28.4.2025, 18:03:21 - INFO - filterBy: | {"txt":"","maxSeverity":0,"minCreatedAt":0,"sortedBy":"","label":""}
28.4.2025, 18:03:35 - INFO - filterBy: | {"txt":"","maxSeverity":0,"minCreatedAt":0,"sortedBy":"","label":""}
28.4.2025, 18:04:01 - INFO - filterBy: | {"txt":"","maxSeverity":0,"minCreatedAt":0,"sortedBy":"","label":""}
28.4.2025, 18:04:03 - INFO - filterBy: | {"txt":"","maxSeverity":0,"minCreatedAt":0,"sortedBy":"","label":""}
28.4.2025, 18:04:06 - INFO - filterBy: | {"txt":"","maxSeverity":0,"minCreatedAt":0,"sortedBy":"","label":""}
28.4.2025, 18:04:12 - INFO - filterBy: | {"txt":"","maxSeverity":0,"minCreatedAt":0,"sortedBy":"","label":""}
28.4.2025, 18:05:36 - INFO - filterBy: | {"txt":"","maxSeverity":0,"minCreatedAt":0,"sortedBy":"","label":""}
28.4.2025, 18:05:39 - INFO - filterBy: | {"txt":"","maxSeverity":0,"minCreatedAt":0,"sortedBy":"","label":""}
28.4.2025, 18:05:43 - INFO - filterBy: | {"txt":"","maxSeverity":0,"minCreatedAt":0,"sortedBy":"","label":""}
28.4.2025, 18:07:59 - INFO - filterBy: | {"maxScore":null,"minCreatedAt":null}
28.4.2025, 18:07:59 - INFO - filterBy: | {"txt":"","maxSeverity":0,"minCreatedAt":0,"sortedBy":"","label":""}
28.4.2025, 18:08:14 - INFO - filterBy: | {"maxScore":null,"minCreatedAt":null}
28.4.2025, 18:08:14 - INFO - filterBy: | {"txt":"","maxSeverity":0,"minCreatedAt":0,"sortedBy":"","label":""}
28.4.2025, 18:08:15 - INFO - filterBy: | {"txt":"","maxSeverity":0,"minCreatedAt":0,"sortedBy":"","label":""}
28.4.2025, 18:08:44 - INFO - filterBy: | {"maxScore":null,"minCreatedAt":null}
28.4.2025, 18:08:44 - INFO - filterBy: | {"txt":"","maxSeverity":0,"minCreatedAt":0,"sortedBy":"","label":""}
28.4.2025, 18:08:46 - INFO - filterBy: | {"maxScore":null,"minCreatedAt":null}
28.4.2025, 18:08:46 - INFO - filterBy: | {"txt":"","maxSeverity":0,"minCreatedAt":0,"sortedBy":"","label":""}
28.4.2025, 18:08:54 - INFO - filterBy: | {"maxScore":null,"minCreatedAt":null}
28.4.2025, 18:08:54 - INFO - filterBy: | {"txt":"","maxSeverity":0,"minCreatedAt":0,"sortedBy":"","label":""}
28.4.2025, 18:08:58 - INFO - filterBy: | {"maxScore":null,"minCreatedAt":null}
28.4.2025, 18:08:58 - INFO - filterBy: | {"txt":"","maxSeverity":0,"minCreatedAt":0,"sortedBy":"","label":""}
28.4.2025, 18:09:09 - INFO - filterBy: | {"maxScore":null,"minCreatedAt":null}
28.4.2025, 18:09:09 - INFO - filterBy: | {"txt":"","maxSeverity":0,"minCreatedAt":0,"sortedBy":"","label":""}
28.4.2025, 18:10:27 - INFO - filterBy: | {"maxScore":null,"minCreatedAt":null}
28.4.2025, 18:10:27 - INFO - filterBy: | {"txt":"","maxSeverity":0,"minCreatedAt":0,"sortedBy":"","label":""}
28.4.2025, 18:10:39 - INFO - filterBy: | {"maxScore":null,"minCreatedAt":null}
28.4.2025, 18:10:39 - INFO - filterBy: | {"txt":"","maxSeverity":0,"minCreatedAt":0,"sortedBy":"","label":""}
28.4.2025, 18:10:39 - INFO - filterBy: | {"txt":"","maxSeverity":0,"minCreatedAt":0,"sortedBy":"","label":""}
28.4.2025, 18:10:45 - INFO - filterBy: | {"maxScore":null,"minCreatedAt":null}
28.4.2025, 18:10:45 - INFO - filterBy: | {"txt":"","maxSeverity":0,"minCreatedAt":0,"sortedBy":"","label":""}
28.4.2025, 18:10:45 - INFO - filterBy: | {"txt":"","maxSeverity":0,"minCreatedAt":0,"sortedBy":"","label":""}
28.4.2025, 18:11:24 - INFO - Up and running on port 3030
28.4.2025, 18:11:28 - INFO - filterBy: | {"maxScore":null,"minCreatedAt":null}
28.4.2025, 18:11:28 - INFO - filterBy: | {"txt":"","maxSeverity":0,"minCreatedAt":0,"sortedBy":"","label":""}
28.4.2025, 18:11:28 - INFO - filterBy: | {"txt":"","maxSeverity":0,"minCreatedAt":0,"sortedBy":"","label":""}
28.4.2025, 18:12:11 - INFO - filterBy: | {"maxScore":null,"minCreatedAt":null}
28.4.2025, 18:12:11 - INFO - filterBy: | {"txt":"","maxSeverity":0,"minCreatedAt":0,"sortedBy":"","label":""}
28.4.2025, 18:12:11 - INFO - filterBy: | {"txt":"","maxSeverity":0,"minCreatedAt":0,"sortedBy":"","label":""}
28.4.2025, 18:12:16 - INFO - filterBy: | {"maxScore":null,"minCreatedAt":null}
28.4.2025, 18:12:16 - INFO - filterBy: | {"txt":"","maxSeverity":0,"minCreatedAt":0,"sortedBy":"","label":""}
28.4.2025, 18:12:16 - INFO - filterBy: | {"txt":"","maxSeverity":0,"minCreatedAt":0,"sortedBy":"","label":""}
28.4.2025, 18:12:18 - INFO - filterBy: | {"maxScore":null,"minCreatedAt":null}
28.4.2025, 18:12:18 - INFO - filterBy: | {"txt":"","maxSeverity":0,"minCreatedAt":0,"sortedBy":"","label":""}
28.4.2025, 18:12:19 - INFO - filterBy: | {"txt":"","maxSeverity":0,"minCreatedAt":0,"sortedBy":"","label":""}
28.4.2025, 18:13:15 - INFO - filterBy: | {"maxScore":null,"minCreatedAt":null}
28.4.2025, 18:13:15 - INFO - filterBy: | {"txt":"","maxSeverity":0,"minCreatedAt":0,"sortedBy":"","label":""}
28.4.2025, 18:13:15 - INFO - filterBy: | {"txt":"","maxSeverity":0,"minCreatedAt":0,"sortedBy":"","label":""}
28.4.2025, 18:15:08 - INFO - filterBy: | {"maxScore":null,"minCreatedAt":null}
28.4.2025, 18:15:08 - INFO - filterBy: | {"txt":"","maxSeverity":0,"minCreatedAt":0,"sortedBy":"","label":""}
28.4.2025, 18:15:08 - INFO - filterBy: | {"txt":"","maxSeverity":0,"minCreatedAt":0,"sortedBy":"","label":""}
28.4.2025, 18:15:36 - INFO - filterBy: | {"maxScore":null,"minCreatedAt":null}
28.4.2025, 18:15:36 - INFO - filterBy: | {"txt":"","maxSeverity":0,"minCreatedAt":0,"sortedBy":"","label":""}
28.4.2025, 18:15:36 - INFO - filterBy: | {"txt":"","maxSeverity":0,"minCreatedAt":0,"sortedBy":"","label":""}
28.4.2025, 18:15:39 - INFO - 🚀 ~ login ~ username: | guy
28.4.2025, 18:15:39 - INFO - User login:  | {"_id":"YhzUcC","fullname":"guy gou"}
28.4.2025, 18:15:43 - INFO - filterBy: | {"txt":"","maxSeverity":0,"minCreatedAt":0,"sortedBy":"","label":""}
28.4.2025, 18:15:44 - INFO - filterBy: | {"txt":"","maxSeverity":0,"minCreatedAt":0,"sortedBy":"","label":""}
28.4.2025, 18:17:26 - INFO - filterBy: | {"maxScore":null,"minCreatedAt":null}
28.4.2025, 18:19:11 - INFO - filterBy: | {"txt":"","maxSeverity":0,"minCreatedAt":0,"sortedBy":"","label":""}
28.4.2025, 18:19:15 - INFO - filterBy: | {"txt":"","maxSeverity":0,"minCreatedAt":0,"sortedBy":"","label":""}
28.4.2025, 18:19:20 - INFO - filterBy: | {"maxScore":null,"minCreatedAt":null}
28.4.2025, 18:19:20 - INFO - filterBy: | {"txt":"","maxSeverity":0,"minCreatedAt":0,"sortedBy":"","label":""}
28.4.2025, 18:19:21 - INFO - filterBy: | {"txt":"","maxSeverity":0,"minCreatedAt":0,"sortedBy":"","label":""}
28.4.2025, 18:19:27 - INFO - 🚀 ~ login ~ username: | guy
28.4.2025, 18:19:27 - INFO - User login:  | {"_id":"YhzUcC","fullname":"guy gou"}
28.4.2025, 18:19:28 - INFO - filterBy: | {"txt":"","maxSeverity":0,"minCreatedAt":0,"sortedBy":"","label":""}
28.4.2025, 18:19:28 - INFO - filterBy: | {"txt":"","maxSeverity":0,"minCreatedAt":0,"sortedBy":"","label":""}
28.4.2025, 18:19:33 - INFO - filterBy: | {"maxScore":null,"minCreatedAt":null}
28.4.2025, 18:19:36 - INFO - 🚀 ~ login ~ username: | eli5p
28.4.2025, 18:19:36 - INFO - User login:  | {"_id":"3hCISw","fullname":"eli psgsgsgg"}
28.4.2025, 18:19:38 - INFO - filterBy: | {"txt":"","maxSeverity":0,"minCreatedAt":0,"sortedBy":"","label":""}
28.4.2025, 18:19:38 - INFO - filterBy: | {"txt":"","maxSeverity":0,"minCreatedAt":0,"sortedBy":"","label":""}
28.4.2025, 18:31:59 - INFO - filterBy: | {"txt":"","maxSeverity":0,"minCreatedAt":0,"sortedBy":"","label":""}
28.4.2025, 18:31:59 - INFO - filterBy: | {"txt":"","maxSeverity":0,"minCreatedAt":0,"sortedBy":"","label":""}
28.4.2025, 18:33:22 - INFO - filterBy: | {"txt":"","maxSeverity":0,"minCreatedAt":0,"sortedBy":"","label":""}
28.4.2025, 18:33:22 - INFO - filterBy: | {"txt":"","maxSeverity":0,"minCreatedAt":0,"sortedBy":"","label":""}
28.4.2025, 18:38:00 - INFO - filterBy: | {"txt":"","maxSeverity":0,"minCreatedAt":0,"sortedBy":"","label":""}
28.4.2025, 18:38:01 - INFO - filterBy: | {"txt":"","maxSeverity":0,"minCreatedAt":0,"sortedBy":"","label":""}
28.4.2025, 18:38:04 - INFO - filterBy: | {"maxScore":null,"minCreatedAt":null}
28.4.2025, 18:38:06 - INFO - User login:  | {"_id":"YhzUcC","fullname":"guy gou"}
28.4.2025, 18:38:06 - INFO - 🚀 ~ login ~ username: | guy
28.4.2025, 18:38:29 - INFO - filterBy: | {"txt":"","maxSeverity":0,"minCreatedAt":0,"sortedBy":"","label":""}
28.4.2025, 18:38:29 - INFO - filterBy: | {"txt":"","maxSeverity":0,"minCreatedAt":0,"sortedBy":"","label":""}
28.4.2025, 18:38:30 - INFO - filterBy: | {"txt":"","maxSeverity":0,"minCreatedAt":0,"sortedBy":"","label":""}
28.4.2025, 18:38:31 - INFO - filterBy: | {"txt":"","maxSeverity":0,"minCreatedAt":0,"sortedBy":"","label":""}
28.4.2025, 18:38:32 - INFO - filterBy: | {"txt":"","maxSeverity":0,"minCreatedAt":0,"sortedBy":"","label":""}
28.4.2025, 18:38:32 - INFO - filterBy: | {"txt":"","maxSeverity":0,"minCreatedAt":0,"sortedBy":"","label":""}
28.4.2025, 18:38:39 - INFO - filterBy: | {"txt":"","maxSeverity":0,"minCreatedAt":0,"sortedBy":"","label":""}
28.4.2025, 18:38:39 - INFO - filterBy: | {"txt":"","maxSeverity":0,"minCreatedAt":0,"sortedBy":"","label":""}
28.4.2025, 18:38:47 - INFO - filterBy: | {"maxScore":null,"minCreatedAt":null}
28.4.2025, 18:39:04 - INFO - 🚀 ~ login ~ username: | guy
28.4.2025, 18:39:04 - INFO - User login:  | {"_id":"YhzUcC","fullname":"guy gou"}
28.4.2025, 18:39:46 - INFO - filterBy: | {"txt":"","maxSeverity":0,"minCreatedAt":0,"sortedBy":"","label":""}
28.4.2025, 18:39:46 - INFO - filterBy: | {"txt":"","maxSeverity":0,"minCreatedAt":0,"sortedBy":"","label":""}
28.4.2025, 18:39:59 - INFO - filterBy: | {"txt":"","maxSeverity":0,"minCreatedAt":0,"sortedBy":"","label":""}
28.4.2025, 18:39:59 - INFO - filterBy: | {"txt":"","maxSeverity":0,"minCreatedAt":0,"sortedBy":"","label":""}
28.4.2025, 18:40:27 - INFO - filterBy: | {"txt":"","maxSeverity":0,"minCreatedAt":0,"sortedBy":"","label":""}
28.4.2025, 18:40:28 - INFO - filterBy: | {"txt":"","maxSeverity":0,"minCreatedAt":0,"sortedBy":"","label":""}
28.4.2025, 18:40:59 - INFO - filterBy: | {"txt":"","maxSeverity":0,"minCreatedAt":0,"sortedBy":"","label":""}
28.4.2025, 18:40:59 - INFO - filterBy: | {"txt":"","maxSeverity":0,"minCreatedAt":0,"sortedBy":"","label":""}
28.4.2025, 18:41:12 - INFO - filterBy: | {"maxScore":null,"minCreatedAt":null}
28.4.2025, 18:41:15 - INFO - 🚀 ~ login ~ username: | guy
28.4.2025, 18:41:15 - INFO - User login:  | {"_id":"YhzUcC","fullname":"guy gou"}
28.4.2025, 18:41:56 - INFO - filterBy: | {"txt":"","maxSeverity":0,"minCreatedAt":0,"sortedBy":"","label":""}
28.4.2025, 18:41:56 - INFO - filterBy: | {"txt":"","maxSeverity":0,"minCreatedAt":0,"sortedBy":"","label":""}
28.4.2025, 18:42:19 - INFO - filterBy: | {"txt":"","maxSeverity":0,"minCreatedAt":0,"sortedBy":"","label":""}
28.4.2025, 18:42:19 - INFO - filterBy: | {"txt":"","maxSeverity":0,"minCreatedAt":0,"sortedBy":"","label":""}
28.4.2025, 18:42:26 - INFO - filterBy: | {"maxScore":null,"minCreatedAt":null}
28.4.2025, 18:42:30 - INFO - 🚀 ~ login ~ username: | guy
28.4.2025, 18:42:30 - INFO - User login:  | {"_id":"YhzUcC","fullname":"guy gou"}
28.4.2025, 18:46:32 - INFO - filterBy: | {"txt":"","maxSeverity":0,"minCreatedAt":0,"sortedBy":"","label":""}
28.4.2025, 18:46:33 - INFO - filterBy: | {"txt":"","maxSeverity":0,"minCreatedAt":0,"sortedBy":"","label":""}
28.4.2025, 18:46:56 - INFO - filterBy: | {"txt":"","maxSeverity":0,"minCreatedAt":0,"sortedBy":"","label":""}
28.4.2025, 18:46:58 - INFO - filterBy: | {"txt":"","maxSeverity":0,"minCreatedAt":0,"sortedBy":"","label":""}
28.4.2025, 18:47:00 - INFO - filterBy: | {"txt":"","maxSeverity":0,"minCreatedAt":0,"sortedBy":"","label":""}
28.4.2025, 18:47:00 - INFO - filterBy: | {"txt":"","maxSeverity":0,"minCreatedAt":0,"sortedBy":"","label":""}
28.4.2025, 18:47:08 - INFO - filterBy: | {"maxScore":null,"minCreatedAt":null}
28.4.2025, 18:47:16 - INFO - 🚀 ~ login ~ username: | guy
28.4.2025, 18:47:16 - INFO - User login:  | {"_id":"YhzUcC","fullname":"guy gou"}
28.4.2025, 18:47:36 - INFO - filterBy: | {"maxScore":null,"minCreatedAt":null}
28.4.2025, 18:47:39 - INFO - 🚀 ~ login ~ username: | eli5p
28.4.2025, 18:47:39 - INFO - User login:  | {"_id":"3hCISw","fullname":"eli psgsgsgg"}
28.4.2025, 18:47:41 - INFO - filterBy: | {"maxScore":null,"minCreatedAt":null}
28.4.2025, 18:48:26 - INFO - filterBy: | {"txt":"","maxSeverity":0,"minCreatedAt":0,"sortedBy":"","label":""}
28.4.2025, 18:48:26 - INFO - filterBy: | {"maxScore":null,"minCreatedAt":null}
28.4.2025, 18:48:26 - INFO - filterBy: | {"txt":"","maxSeverity":0,"minCreatedAt":0,"sortedBy":"","label":""}
28.4.2025, 18:48:38 - INFO - filterBy: | {"txt":"","maxSeverity":0,"minCreatedAt":0,"sortedBy":"","label":""}
28.4.2025, 18:48:46 - INFO - filterBy: | {"txt":"","maxSeverity":0,"minCreatedAt":0,"sortedBy":"","label":""}
28.4.2025, 18:49:29 - INFO - filterBy: | {"txt":"","maxSeverity":0,"minCreatedAt":0,"sortedBy":"","label":""}
28.4.2025, 18:49:31 - INFO - filterBy: | {"txt":"","maxSeverity":0,"minCreatedAt":0,"sortedBy":"","label":""}
28.4.2025, 18:49:37 - INFO - filterBy: | {"txt":"","maxSeverity":0,"minCreatedAt":0,"sortedBy":"","label":""}
28.4.2025, 18:49:39 - INFO - filterBy: | {"maxScore":null,"minCreatedAt":null}
28.4.2025, 18:49:39 - INFO - filterBy: | {"txt":"","maxSeverity":0,"minCreatedAt":0,"sortedBy":"","label":""}
28.4.2025, 18:49:39 - INFO - filterBy: | {"txt":"","maxSeverity":0,"minCreatedAt":0,"sortedBy":"","label":""}
28.4.2025, 18:49:42 - INFO - 🚀 ~ login ~ username: | guy
28.4.2025, 18:49:42 - INFO - User login:  | {"_id":"YhzUcC","fullname":"guy gou"}
28.4.2025, 18:50:17 - INFO - filterBy: | {"txt":"","maxSeverity":0,"minCreatedAt":0,"sortedBy":"","label":""}
28.4.2025, 18:50:39 - INFO - filterBy: | {"txt":"","maxSeverity":0,"minCreatedAt":0,"sortedBy":"","label":""}
28.4.2025, 18:50:49 - INFO - filterBy: | {"txt":"","maxSeverity":0,"minCreatedAt":0,"sortedBy":"","label":""}
28.4.2025, 18:51:30 - INFO - filterBy: | {"txt":"","maxSeverity":0,"minCreatedAt":0,"sortedBy":"","label":""}
28.4.2025, 18:51:34 - INFO - filterBy: | {"txt":"","maxSeverity":0,"minCreatedAt":0,"sortedBy":"","label":""}
28.4.2025, 18:52:11 - INFO - filterBy: | {"txt":"","maxSeverity":0,"minCreatedAt":0,"sortedBy":"","label":""}
28.4.2025, 18:52:18 - INFO - Up and running on port 3030
28.4.2025, 18:52:19 - INFO - filterBy: | {"txt":"","maxSeverity":0,"minCreatedAt":0,"sortedBy":"","label":""}
28.4.2025, 18:52:19 - INFO - filterBy: | {"txt":"","maxSeverity":0,"minCreatedAt":0,"sortedBy":"","label":""}
28.4.2025, 18:52:32 - INFO - filterBy: | {"txt":"","maxSeverity":0,"minCreatedAt":0,"sortedBy":"","label":""}
28.4.2025, 18:52:32 - INFO - filterBy: | {"txt":"","maxSeverity":0,"minCreatedAt":0,"sortedBy":"","label":""}
28.4.2025, 18:52:49 - INFO - filterBy: | {"txt":"","maxSeverity":0,"minCreatedAt":0,"sortedBy":"","label":""}
28.4.2025, 18:53:54 - INFO - filterBy: | {"txt":"","maxSeverity":0,"minCreatedAt":0,"sortedBy":"","label":""}
28.4.2025, 18:53:54 - INFO - filterBy: | {"txt":"","maxSeverity":0,"minCreatedAt":0,"sortedBy":"","label":""}
28.4.2025, 18:54:57 - INFO - filterBy: | {"txt":"","maxSeverity":0,"minCreatedAt":0,"sortedBy":"","label":""}
28.4.2025, 18:56:29 - INFO - Up and running on port 3030
28.4.2025, 18:56:44 - INFO - filterBy: | {"txt":"","maxSeverity":0,"minCreatedAt":0,"sortedBy":"","label":""}
28.4.2025, 18:56:56 - INFO - Up and running on port 3030
28.4.2025, 18:56:57 - INFO - filterBy: | {"txt":"","maxSeverity":0,"minCreatedAt":0,"sortedBy":"","label":""}
28.4.2025, 18:56:58 - INFO - filterBy: | {"txt":"","maxSeverity":0,"minCreatedAt":0,"sortedBy":"","label":""}
28.4.2025, 19:27:41 - INFO - Up and running on port 3030
28.4.2025, 19:27:43 - INFO - Up and running on port 3030
